<?xml version="1.0" encoding="UTF-8"?>
<coverage generated="1752816398">
  <project timestamp="1752816398">
    <file name="/Users/mirnesmrso/dbwebb-kurser/mvc/me/report/src/BlackJack/BlackJack.php">
      <class name="App\BlackJack\BlackJack" namespace="global">
        <metrics complexity="32" methods="11" coveredmethods="5" conditionals="0" coveredconditionals="0" statements="69" coveredstatements="47" elements="80" coveredelements="52"/>
      </class>
      <line num="60" type="method" name="__construct" visibility="public" complexity="1" crap="1" count="4"/>
      <line num="62" type="stmt" count="4"/>
      <line num="63" type="stmt" count="4"/>
      <line num="64" type="stmt" count="4"/>
      <line num="73" type="method" name="startGame" visibility="public" complexity="4" crap="4.01" count="3"/>
      <line num="75" type="stmt" count="3"/>
      <line num="76" type="stmt" count="0"/>
      <line num="79" type="stmt" count="3"/>
      <line num="80" type="stmt" count="3"/>
      <line num="81" type="stmt" count="3"/>
      <line num="82" type="stmt" count="3"/>
      <line num="83" type="stmt" count="3"/>
      <line num="84" type="stmt" count="3"/>
      <line num="85" type="stmt" count="3"/>
      <line num="87" type="stmt" count="3"/>
      <line num="88" type="stmt" count="3"/>
      <line num="89" type="stmt" count="3"/>
      <line num="90" type="stmt" count="3"/>
      <line num="93" type="stmt" count="3"/>
      <line num="101" type="method" name="playerHit" visibility="public" complexity="6" crap="42" count="0"/>
      <line num="103" type="stmt" count="0"/>
      <line num="104" type="stmt" count="0"/>
      <line num="107" type="stmt" count="0"/>
      <line num="108" type="stmt" count="0"/>
      <line num="109" type="stmt" count="0"/>
      <line num="112" type="stmt" count="0"/>
      <line num="113" type="stmt" count="0"/>
      <line num="116" type="stmt" count="0"/>
      <line num="117" type="stmt" count="0"/>
      <line num="118" type="stmt" count="0"/>
      <line num="127" type="method" name="playerStand" visibility="public" complexity="4" crap="4.07" count="1"/>
      <line num="129" type="stmt" count="1"/>
      <line num="130" type="stmt" count="0"/>
      <line num="133" type="stmt" count="1"/>
      <line num="135" type="stmt" count="1"/>
      <line num="136" type="stmt" count="1"/>
      <line num="137" type="stmt" count="1"/>
      <line num="144" type="method" name="dealerTurn" visibility="private" complexity="3" crap="6.80" count="1"/>
      <line num="146" type="stmt" count="1"/>
      <line num="147" type="stmt" count="0"/>
      <line num="148" type="stmt" count="0"/>
      <line num="149" type="stmt" count="0"/>
      <line num="159" type="method" name="allPlayersDone" visibility="private" complexity="3" crap="3.14" count="1"/>
      <line num="161" type="stmt" count="1"/>
      <line num="162" type="stmt" count="1"/>
      <line num="163" type="stmt" count="0"/>
      <line num="166" type="stmt" count="1"/>
      <line num="172" type="method" name="resolveRound" visibility="private" complexity="7" crap="8.81" count="1"/>
      <line num="174" type="stmt" count="1"/>
      <line num="175" type="stmt" count="0"/>
      <line num="178" type="stmt" count="1"/>
      <line num="179" type="stmt" count="1"/>
      <line num="181" type="stmt" count="1"/>
      <line num="182" type="stmt" count="1"/>
      <line num="183" type="stmt" count="1"/>
      <line num="185" type="stmt" count="1"/>
      <line num="186" type="stmt" count="0"/>
      <line num="187" type="stmt" count="1"/>
      <line num="188" type="stmt" count="0"/>
      <line num="189" type="stmt" count="1"/>
      <line num="190" type="stmt" count="1"/>
      <line num="191" type="stmt" count="0"/>
      <line num="192" type="stmt" count="0"/>
      <line num="194" type="stmt" count="0"/>
      <line num="198" type="stmt" count="1"/>
      <line num="199" type="stmt" count="1"/>
      <line num="207" type="method" name="getPlayerHands" visibility="public" complexity="1" crap="1" count="1"/>
      <line num="209" type="stmt" count="1"/>
      <line num="217" type="method" name="getDealerHand" visibility="public" complexity="1" crap="1" count="1"/>
      <line num="219" type="stmt" count="1"/>
      <line num="227" type="method" name="getRoundResult" visibility="public" complexity="1" crap="1" count="2"/>
      <line num="229" type="stmt" count="2"/>
      <line num="243" type="method" name="getGameState" visibility="public" complexity="1" crap="1" count="1"/>
      <line num="245" type="stmt" count="1"/>
      <line num="246" type="stmt" count="1"/>
      <line num="247" type="stmt" count="1"/>
      <line num="248" type="stmt" count="1"/>
      <line num="249" type="stmt" count="1"/>
      <line num="250" type="stmt" count="1"/>
      <line num="251" type="stmt" count="1"/>
      <metrics loc="254" ncloc="164" classes="1" methods="11" coveredmethods="5" conditionals="0" coveredconditionals="0" statements="69" coveredstatements="47" elements="80" coveredelements="52"/>
    </file>
    <file name="/Users/mirnesmrso/dbwebb-kurser/mvc/me/report/src/Controller/AboutController.php">
      <class name="App\Controller\AboutController" namespace="global">
        <metrics complexity="1" methods="1" coveredmethods="0" conditionals="0" coveredconditionals="0" statements="1" coveredstatements="0" elements="2" coveredelements="0"/>
      </class>
      <line num="11" type="method" name="about" visibility="public" complexity="1" crap="2" count="0"/>
      <line num="14" type="stmt" count="0"/>
      <metrics loc="17" ncloc="17" classes="1" methods="1" coveredmethods="0" conditionals="0" coveredconditionals="0" statements="1" coveredstatements="0" elements="2" coveredelements="0"/>
    </file>
    <file name="/Users/mirnesmrso/dbwebb-kurser/mvc/me/report/src/Controller/ApiController.php">
      <class name="App\Controller\ApiController" namespace="global">
        <metrics complexity="12" methods="10" coveredmethods="1" conditionals="0" coveredconditionals="0" statements="83" coveredstatements="21" elements="93" coveredelements="22"/>
      </class>
      <line num="19" type="method" name="index" visibility="public" complexity="1" crap="2" count="0"/>
      <line num="22" type="stmt" count="0"/>
      <line num="23" type="stmt" count="0"/>
      <line num="24" type="stmt" count="0"/>
      <line num="25" type="stmt" count="0"/>
      <line num="26" type="stmt" count="0"/>
      <line num="27" type="stmt" count="0"/>
      <line num="28" type="stmt" count="0"/>
      <line num="29" type="stmt" count="0"/>
      <line num="30" type="stmt" count="0"/>
      <line num="33" type="method" name="quote" visibility="public" complexity="1" crap="1" count="1"/>
      <line num="36" type="stmt" count="1"/>
      <line num="37" type="stmt" count="1"/>
      <line num="38" type="stmt" count="1"/>
      <line num="39" type="stmt" count="1"/>
      <line num="40" type="stmt" count="1"/>
      <line num="41" type="stmt" count="1"/>
      <line num="42" type="stmt" count="1"/>
      <line num="44" type="stmt" count="1"/>
      <line num="45" type="stmt" count="1"/>
      <line num="47" type="stmt" count="1"/>
      <line num="48" type="stmt" count="1"/>
      <line num="49" type="stmt" count="1"/>
      <line num="50" type="stmt" count="1"/>
      <line num="51" type="stmt" count="1"/>
      <line num="54" type="method" name="deck" visibility="public" complexity="1" crap="2" count="0"/>
      <line num="57" type="stmt" count="0"/>
      <line num="58" type="stmt" count="0"/>
      <line num="60" type="stmt" count="0"/>
      <line num="61" type="stmt" count="0"/>
      <line num="62" type="stmt" count="0"/>
      <line num="65" type="method" name="shuffle" visibility="public" complexity="1" crap="2" count="0"/>
      <line num="68" type="stmt" count="0"/>
      <line num="69" type="stmt" count="0"/>
      <line num="70" type="stmt" count="0"/>
      <line num="72" type="stmt" count="0"/>
      <line num="74" type="stmt" count="0"/>
      <line num="75" type="stmt" count="0"/>
      <line num="76" type="stmt" count="0"/>
      <line num="77" type="stmt" count="0"/>
      <line num="80" type="method" name="drawOne" visibility="public" complexity="1" crap="2" count="0"/>
      <line num="83" type="stmt" count="0"/>
      <line num="86" type="method" name="draw" visibility="public" complexity="1" crap="2" count="0"/>
      <line num="89" type="stmt" count="0"/>
      <line num="92" type="method" name="drawCards" visibility="private" complexity="1" crap="2" count="0"/>
      <line num="95" type="stmt" count="0"/>
      <line num="96" type="stmt" count="0"/>
      <line num="97" type="stmt" count="0"/>
      <line num="99" type="stmt" count="0"/>
      <line num="101" type="stmt" count="0"/>
      <line num="102" type="stmt" count="0"/>
      <line num="103" type="stmt" count="0"/>
      <line num="104" type="stmt" count="0"/>
      <line num="107" type="method" name="game21Status" visibility="public" complexity="2" crap="6" count="0"/>
      <line num="111" type="stmt" count="0"/>
      <line num="113" type="stmt" count="0"/>
      <line num="114" type="stmt" count="0"/>
      <line num="115" type="stmt" count="0"/>
      <line num="116" type="stmt" count="0"/>
      <line num="119" type="stmt" count="0"/>
      <line num="121" type="stmt" count="0"/>
      <line num="122" type="stmt" count="0"/>
      <line num="124" type="stmt" count="0"/>
      <line num="125" type="stmt" count="0"/>
      <line num="126" type="stmt" count="0"/>
      <line num="127" type="stmt" count="0"/>
      <line num="128" type="stmt" count="0"/>
      <line num="129" type="stmt" count="0"/>
      <line num="130" type="stmt" count="0"/>
      <line num="131" type="stmt" count="0"/>
      <line num="134" type="method" name="getAllBooks" visibility="public" complexity="1" crap="1.26" count="1"/>
      <line num="137" type="stmt" count="1"/>
      <line num="139" type="stmt" count="1"/>
      <line num="140" type="stmt" count="0"/>
      <line num="141" type="stmt" count="0"/>
      <line num="142" type="stmt" count="0"/>
      <line num="143" type="stmt" count="0"/>
      <line num="144" type="stmt" count="0"/>
      <line num="145" type="stmt" count="0"/>
      <line num="146" type="stmt" count="0"/>
      <line num="147" type="stmt" count="1"/>
      <line num="149" type="stmt" count="1"/>
      <line num="152" type="method" name="getBookByIsbn" visibility="public" complexity="2" crap="3.37" count="1"/>
      <line num="155" type="stmt" count="1"/>
      <line num="157" type="stmt" count="1"/>
      <line num="158" type="stmt" count="1"/>
      <line num="161" type="stmt" count="0"/>
      <line num="162" type="stmt" count="0"/>
      <line num="163" type="stmt" count="0"/>
      <line num="164" type="stmt" count="0"/>
      <line num="165" type="stmt" count="0"/>
      <line num="166" type="stmt" count="0"/>
      <line num="167" type="stmt" count="0"/>
      <metrics loc="172" ncloc="170" classes="1" methods="10" coveredmethods="1" conditionals="0" coveredconditionals="0" statements="83" coveredstatements="21" elements="93" coveredelements="22"/>
    </file>
    <file name="/Users/mirnesmrso/dbwebb-kurser/mvc/me/report/src/Controller/BookController.php">
      <class name="App\Controller\BookController" namespace="global">
        <metrics complexity="11" methods="6" coveredmethods="2" conditionals="0" coveredconditionals="0" statements="33" coveredstatements="12" elements="39" coveredelements="14"/>
      </class>
      <line num="17" type="method" name="index" visibility="public" complexity="1" crap="1" count="1"/>
      <line num="20" type="stmt" count="1"/>
      <line num="23" type="method" name="list" visibility="public" complexity="1" crap="1" count="1"/>
      <line num="26" type="stmt" count="1"/>
      <line num="27" type="stmt" count="1"/>
      <line num="28" type="stmt" count="1"/>
      <line num="31" type="method" name="new" visibility="public" complexity="3" crap="3.18" count="1"/>
      <line num="34" type="stmt" count="1"/>
      <line num="35" type="stmt" count="1"/>
      <line num="36" type="stmt" count="1"/>
      <line num="38" type="stmt" count="1"/>
      <line num="39" type="stmt" count="0"/>
      <line num="40" type="stmt" count="0"/>
      <line num="42" type="stmt" count="0"/>
      <line num="45" type="stmt" count="1"/>
      <line num="46" type="stmt" count="1"/>
      <line num="47" type="stmt" count="1"/>
      <line num="48" type="stmt" count="1"/>
      <line num="51" type="method" name="show" visibility="public" complexity="1" crap="2" count="0"/>
      <line num="54" type="stmt" count="0"/>
      <line num="55" type="stmt" count="0"/>
      <line num="56" type="stmt" count="0"/>
      <line num="59" type="method" name="edit" visibility="public" complexity="3" crap="12" count="0"/>
      <line num="62" type="stmt" count="0"/>
      <line num="63" type="stmt" count="0"/>
      <line num="65" type="stmt" count="0"/>
      <line num="66" type="stmt" count="0"/>
      <line num="68" type="stmt" count="0"/>
      <line num="71" type="stmt" count="0"/>
      <line num="72" type="stmt" count="0"/>
      <line num="73" type="stmt" count="0"/>
      <line num="74" type="stmt" count="0"/>
      <line num="77" type="method" name="delete" visibility="public" complexity="2" crap="6" count="0"/>
      <line num="80" type="stmt" count="0"/>
      <line num="82" type="stmt" count="0"/>
      <line num="83" type="stmt" count="0"/>
      <line num="84" type="stmt" count="0"/>
      <line num="86" type="stmt" count="0"/>
      <line num="89" type="stmt" count="0"/>
      <metrics loc="92" ncloc="92" classes="1" methods="6" coveredmethods="2" conditionals="0" coveredconditionals="0" statements="33" coveredstatements="12" elements="39" coveredelements="14"/>
    </file>
    <file name="/Users/mirnesmrso/dbwebb-kurser/mvc/me/report/src/Controller/CardController.php">
      <class name="App\Controller\CardController" namespace="global">
        <metrics complexity="8" methods="6" coveredmethods="5" conditionals="0" coveredconditionals="0" statements="31" coveredstatements="29" elements="37" coveredelements="34"/>
      </class>
      <line num="13" type="method" name="card" visibility="public" complexity="1" crap="1" count="1"/>
      <line num="16" type="stmt" count="1"/>
      <line num="19" type="method" name="deck" visibility="public" complexity="3" crap="3.07" count="1"/>
      <line num="22" type="stmt" count="1"/>
      <line num="23" type="stmt" count="1"/>
      <line num="24" type="stmt" count="1"/>
      <line num="28" type="stmt" count="1"/>
      <line num="30" type="stmt" count="1"/>
      <line num="31" type="stmt" count="0"/>
      <line num="32" type="stmt" count="0"/>
      <line num="35" type="stmt" count="1"/>
      <line num="36" type="stmt" count="1"/>
      <line num="37" type="stmt" count="1"/>
      <line num="40" type="method" name="shuffle" visibility="public" complexity="1" crap="1" count="1"/>
      <line num="44" type="stmt" count="1"/>
      <line num="46" type="stmt" count="1"/>
      <line num="47" type="stmt" count="1"/>
      <line num="49" type="stmt" count="1"/>
      <line num="50" type="stmt" count="1"/>
      <line num="51" type="stmt" count="1"/>
      <line num="54" type="method" name="draw" visibility="public" complexity="1" crap="1" count="1"/>
      <line num="58" type="stmt" count="1"/>
      <line num="60" type="stmt" count="1"/>
      <line num="61" type="stmt" count="1"/>
      <line num="63" type="stmt" count="1"/>
      <line num="64" type="stmt" count="1"/>
      <line num="65" type="stmt" count="1"/>
      <line num="66" type="stmt" count="1"/>
      <line num="69" type="method" name="session" visibility="public" complexity="1" crap="1" count="1"/>
      <line num="72" type="stmt" count="1"/>
      <line num="74" type="stmt" count="1"/>
      <line num="75" type="stmt" count="1"/>
      <line num="76" type="stmt" count="1"/>
      <line num="79" type="method" name="deleteSession" visibility="public" complexity="1" crap="1" count="1"/>
      <line num="82" type="stmt" count="1"/>
      <line num="83" type="stmt" count="1"/>
      <line num="85" type="stmt" count="1"/>
      <metrics loc="88" ncloc="85" classes="1" methods="6" coveredmethods="5" conditionals="0" coveredconditionals="0" statements="31" coveredstatements="29" elements="37" coveredelements="34"/>
    </file>
    <file name="/Users/mirnesmrso/dbwebb-kurser/mvc/me/report/src/Controller/GameController.php">
      <class name="App\Controller\GameController" namespace="global">
        <metrics complexity="9" methods="6" coveredmethods="6" conditionals="0" coveredconditionals="0" statements="21" coveredstatements="21" elements="27" coveredelements="27"/>
      </class>
      <line num="13" type="method" name="intro" visibility="public" complexity="1" crap="1" count="2"/>
      <line num="16" type="stmt" count="2"/>
      <line num="17" type="stmt" count="2"/>
      <line num="20" type="method" name="start" visibility="public" complexity="1" crap="1" count="5"/>
      <line num="23" type="stmt" count="5"/>
      <line num="24" type="stmt" count="5"/>
      <line num="25" type="stmt" count="5"/>
      <line num="26" type="stmt" count="5"/>
      <line num="29" type="method" name="play" visibility="public" complexity="2" crap="2" count="2"/>
      <line num="33" type="stmt" count="2"/>
      <line num="34" type="stmt" count="2"/>
      <line num="35" type="stmt" count="1"/>
      <line num="38" type="stmt" count="1"/>
      <line num="41" type="method" name="draw" visibility="public" complexity="2" crap="2" count="1"/>
      <line num="45" type="stmt" count="1"/>
      <line num="46" type="stmt" count="1"/>
      <line num="47" type="stmt" count="1"/>
      <line num="48" type="stmt" count="1"/>
      <line num="51" type="stmt" count="1"/>
      <line num="54" type="method" name="stay" visibility="public" complexity="2" crap="2" count="1"/>
      <line num="58" type="stmt" count="1"/>
      <line num="59" type="stmt" count="1"/>
      <line num="60" type="stmt" count="1"/>
      <line num="61" type="stmt" count="1"/>
      <line num="64" type="stmt" count="1"/>
      <line num="67" type="method" name="documentation" visibility="public" complexity="1" crap="1" count="1"/>
      <line num="70" type="stmt" count="1"/>
      <metrics loc="73" ncloc="70" classes="1" methods="6" coveredmethods="6" conditionals="0" coveredconditionals="0" statements="21" coveredstatements="21" elements="27" coveredelements="27"/>
    </file>
    <file name="/Users/mirnesmrso/dbwebb-kurser/mvc/me/report/src/Controller/HomeController.php">
      <class name="App\Controller\HomeController" namespace="global">
        <metrics complexity="1" methods="1" coveredmethods="0" conditionals="0" coveredconditionals="0" statements="1" coveredstatements="0" elements="2" coveredelements="0"/>
      </class>
      <line num="11" type="method" name="home" visibility="public" complexity="1" crap="2" count="0"/>
      <line num="14" type="stmt" count="0"/>
      <metrics loc="18" ncloc="18" classes="1" methods="1" coveredmethods="0" conditionals="0" coveredconditionals="0" statements="1" coveredstatements="0" elements="2" coveredelements="0"/>
    </file>
    <file name="/Users/mirnesmrso/dbwebb-kurser/mvc/me/report/src/Controller/LuckyController.php">
      <class name="App\Controller\LuckyController" namespace="global">
        <metrics complexity="1" methods="1" coveredmethods="1" conditionals="0" coveredconditionals="0" statements="12" coveredstatements="12" elements="13" coveredelements="13"/>
      </class>
      <line num="11" type="method" name="index" visibility="public" complexity="1" crap="1" count="3"/>
      <line num="14" type="stmt" count="3"/>
      <line num="15" type="stmt" count="3"/>
      <line num="16" type="stmt" count="3"/>
      <line num="17" type="stmt" count="3"/>
      <line num="18" type="stmt" count="3"/>
      <line num="19" type="stmt" count="3"/>
      <line num="20" type="stmt" count="3"/>
      <line num="21" type="stmt" count="3"/>
      <line num="23" type="stmt" count="3"/>
      <line num="24" type="stmt" count="3"/>
      <line num="25" type="stmt" count="3"/>
      <line num="26" type="stmt" count="3"/>
      <metrics loc="29" ncloc="29" classes="1" methods="1" coveredmethods="1" conditionals="0" coveredconditionals="0" statements="12" coveredstatements="12" elements="13" coveredelements="13"/>
    </file>
    <file name="/Users/mirnesmrso/dbwebb-kurser/mvc/me/report/src/Controller/MetricsController.php">
      <class name="App\Controller\MetricsController" namespace="global">
        <metrics complexity="1" methods="1" coveredmethods="0" conditionals="0" coveredconditionals="0" statements="1" coveredstatements="0" elements="2" coveredelements="0"/>
      </class>
      <line num="11" type="method" name="index" visibility="public" complexity="1" crap="2" count="0"/>
      <line num="14" type="stmt" count="0"/>
      <metrics loc="17" ncloc="17" classes="1" methods="1" coveredmethods="0" conditionals="0" coveredconditionals="0" statements="1" coveredstatements="0" elements="2" coveredelements="0"/>
    </file>
    <file name="/Users/mirnesmrso/dbwebb-kurser/mvc/me/report/src/Controller/ProductController.php">
      <class name="App\Controller\ProductController" namespace="global">
        <metrics complexity="10" methods="8" coveredmethods="3" conditionals="0" coveredconditionals="0" statements="41" coveredstatements="9" elements="49" coveredelements="12"/>
      </class>
      <line num="14" type="method" name="index" visibility="public" complexity="1" crap="1" count="1"/>
      <line num="17" type="stmt" count="1"/>
      <line num="18" type="stmt" count="1"/>
      <line num="19" type="stmt" count="1"/>
      <line num="21" type="method" name="createProduct" visibility="public" complexity="1" crap="2" count="0"/>
      <line num="25" type="stmt" count="0"/>
      <line num="27" type="stmt" count="0"/>
      <line num="28" type="stmt" count="0"/>
      <line num="29" type="stmt" count="0"/>
      <line num="33" type="stmt" count="0"/>
      <line num="36" type="stmt" count="0"/>
      <line num="38" type="stmt" count="0"/>
      <line num="40" type="method" name="showAllProduct" visibility="public" complexity="1" crap="1" count="1"/>
      <line num="44" type="stmt" count="1"/>
      <line num="45" type="stmt" count="1"/>
      <line num="47" type="stmt" count="1"/>
      <line num="49" type="method" name="showProductById" visibility="public" complexity="1" crap="1" count="1"/>
      <line num="54" type="stmt" count="1"/>
      <line num="55" type="stmt" count="1"/>
      <line num="57" type="stmt" count="1"/>
      <line num="59" type="method" name="deleteProductById" visibility="public" complexity="2" crap="6" count="0"/>
      <line num="64" type="stmt" count="0"/>
      <line num="65" type="stmt" count="0"/>
      <line num="67" type="stmt" count="0"/>
      <line num="68" type="stmt" count="0"/>
      <line num="69" type="stmt" count="0"/>
      <line num="70" type="stmt" count="0"/>
      <line num="73" type="stmt" count="0"/>
      <line num="74" type="stmt" count="0"/>
      <line num="76" type="stmt" count="0"/>
      <line num="79" type="method" name="updateProduct" visibility="public" complexity="2" crap="6" count="0"/>
      <line num="85" type="stmt" count="0"/>
      <line num="86" type="stmt" count="0"/>
      <line num="88" type="stmt" count="0"/>
      <line num="89" type="stmt" count="0"/>
      <line num="90" type="stmt" count="0"/>
      <line num="91" type="stmt" count="0"/>
      <line num="94" type="stmt" count="0"/>
      <line num="95" type="stmt" count="0"/>
      <line num="97" type="stmt" count="0"/>
      <line num="99" type="method" name="viewAllProduct" visibility="public" complexity="1" crap="2" count="0"/>
      <line num="103" type="stmt" count="0"/>
      <line num="105" type="stmt" count="0"/>
      <line num="106" type="stmt" count="0"/>
      <line num="107" type="stmt" count="0"/>
      <line num="109" type="stmt" count="0"/>
      <line num="111" type="method" name="showProductByMinimumValue" visibility="public" complexity="1" crap="2" count="0"/>
      <line num="116" type="stmt" count="0"/>
      <line num="118" type="stmt" count="0"/>
      <metrics loc="122" ncloc="119" classes="1" methods="8" coveredmethods="3" conditionals="0" coveredconditionals="0" statements="41" coveredstatements="9" elements="49" coveredelements="12"/>
    </file>
    <file name="/Users/mirnesmrso/dbwebb-kurser/mvc/me/report/src/Controller/ProjectController.php">
      <class name="App\Controller\ProjectController" namespace="global">
        <metrics complexity="12" methods="5" coveredmethods="0" conditionals="0" coveredconditionals="0" statements="26" coveredstatements="0" elements="31" coveredelements="0"/>
      </class>
      <line num="14" type="method" name="landing" visibility="public" complexity="1" crap="2" count="0"/>
      <line num="17" type="stmt" count="0"/>
      <line num="20" type="method" name="blackjack" visibility="public" complexity="2" crap="6" count="0"/>
      <line num="23" type="stmt" count="0"/>
      <line num="25" type="stmt" count="0"/>
      <line num="26" type="stmt" count="0"/>
      <line num="29" type="stmt" count="0"/>
      <line num="30" type="stmt" count="0"/>
      <line num="31" type="stmt" count="0"/>
      <line num="32" type="stmt" count="0"/>
      <line num="35" type="method" name="blackjackStart" visibility="public" complexity="3" crap="12" count="0"/>
      <line num="38" type="stmt" count="0"/>
      <line num="40" type="stmt" count="0"/>
      <line num="41" type="stmt" count="0"/>
      <line num="42" type="stmt" count="0"/>
      <line num="45" type="stmt" count="0"/>
      <line num="46" type="stmt" count="0"/>
      <line num="48" type="stmt" count="0"/>
      <line num="50" type="stmt" count="0"/>
      <line num="53" type="method" name="blackjackHit" visibility="public" complexity="3" crap="12" count="0"/>
      <line num="56" type="stmt" count="0"/>
      <line num="58" type="stmt" count="0"/>
      <line num="59" type="stmt" count="0"/>
      <line num="60" type="stmt" count="0"/>
      <line num="63" type="stmt" count="0"/>
      <line num="66" type="method" name="blackjackStand" visibility="public" complexity="3" crap="12" count="0"/>
      <line num="69" type="stmt" count="0"/>
      <line num="71" type="stmt" count="0"/>
      <line num="72" type="stmt" count="0"/>
      <line num="73" type="stmt" count="0"/>
      <line num="76" type="stmt" count="0"/>
      <metrics loc="79" ncloc="77" classes="1" methods="5" coveredmethods="0" conditionals="0" coveredconditionals="0" statements="26" coveredstatements="0" elements="31" coveredelements="0"/>
    </file>
    <file name="/Users/mirnesmrso/dbwebb-kurser/mvc/me/report/src/Controller/ReportController.php">
      <class name="App\Controller\ReportController" namespace="global">
        <metrics complexity="1" methods="1" coveredmethods="0" conditionals="0" coveredconditionals="0" statements="3" coveredstatements="0" elements="4" coveredelements="0"/>
      </class>
      <line num="11" type="method" name="index" visibility="public" complexity="1" crap="2" count="0"/>
      <line num="14" type="stmt" count="0"/>
      <line num="15" type="stmt" count="0"/>
      <line num="16" type="stmt" count="0"/>
      <metrics loc="19" ncloc="19" classes="1" methods="1" coveredmethods="0" conditionals="0" coveredconditionals="0" statements="3" coveredstatements="0" elements="4" coveredelements="0"/>
    </file>
    <file name="/Users/mirnesmrso/dbwebb-kurser/mvc/me/report/src/Entity/Book.php">
      <class name="App\Entity\Book" namespace="global">
        <metrics complexity="9" methods="9" coveredmethods="9" conditionals="0" coveredconditionals="0" statements="13" coveredstatements="13" elements="22" coveredelements="22"/>
      </class>
      <line num="33" type="method" name="getId" visibility="public" complexity="1" crap="1" count="1"/>
      <line num="35" type="stmt" count="1"/>
      <line num="38" type="method" name="getTitle" visibility="public" complexity="1" crap="1" count="3"/>
      <line num="40" type="stmt" count="3"/>
      <line num="43" type="method" name="setTitle" visibility="public" complexity="1" crap="1" count="2"/>
      <line num="45" type="stmt" count="2"/>
      <line num="47" type="stmt" count="2"/>
      <line num="50" type="method" name="getIsbn" visibility="public" complexity="1" crap="1" count="3"/>
      <line num="52" type="stmt" count="3"/>
      <line num="55" type="method" name="setIsbn" visibility="public" complexity="1" crap="1" count="2"/>
      <line num="57" type="stmt" count="2"/>
      <line num="59" type="stmt" count="2"/>
      <line num="62" type="method" name="getAuthor" visibility="public" complexity="1" crap="1" count="3"/>
      <line num="64" type="stmt" count="3"/>
      <line num="67" type="method" name="setAuthor" visibility="public" complexity="1" crap="1" count="2"/>
      <line num="69" type="stmt" count="2"/>
      <line num="71" type="stmt" count="2"/>
      <line num="74" type="method" name="getImage" visibility="public" complexity="1" crap="1" count="3"/>
      <line num="76" type="stmt" count="3"/>
      <line num="79" type="method" name="setImage" visibility="public" complexity="1" crap="1" count="2"/>
      <line num="81" type="stmt" count="2"/>
      <line num="83" type="stmt" count="2"/>
      <metrics loc="86" ncloc="83" classes="1" methods="9" coveredmethods="9" conditionals="0" coveredconditionals="0" statements="13" coveredstatements="13" elements="22" coveredelements="22"/>
    </file>
    <file name="/Users/mirnesmrso/dbwebb-kurser/mvc/me/report/src/Entity/NameString.php">
      <class name="App\Entity\NameString" namespace="global">
        <metrics complexity="3" methods="3" coveredmethods="3" conditionals="0" coveredconditionals="0" statements="4" coveredstatements="4" elements="7" coveredelements="7"/>
      </class>
      <line num="24" type="method" name="getId" visibility="public" complexity="1" crap="1" count="1"/>
      <line num="26" type="stmt" count="1"/>
      <line num="29" type="method" name="getValue" visibility="public" complexity="1" crap="1" count="1"/>
      <line num="31" type="stmt" count="1"/>
      <line num="34" type="method" name="setValue" visibility="public" complexity="1" crap="1" count="1"/>
      <line num="36" type="stmt" count="1"/>
      <line num="38" type="stmt" count="1"/>
      <metrics loc="41" ncloc="38" classes="1" methods="3" coveredmethods="3" conditionals="0" coveredconditionals="0" statements="4" coveredstatements="4" elements="7" coveredelements="7"/>
    </file>
    <file name="/Users/mirnesmrso/dbwebb-kurser/mvc/me/report/src/Entity/Product.php">
      <class name="App\Entity\Product" namespace="global">
        <metrics complexity="5" methods="5" coveredmethods="5" conditionals="0" coveredconditionals="0" statements="7" coveredstatements="7" elements="12" coveredelements="12"/>
      </class>
      <line num="25" type="method" name="getId" visibility="public" complexity="1" crap="1" count="1"/>
      <line num="27" type="stmt" count="1"/>
      <line num="30" type="method" name="getName" visibility="public" complexity="1" crap="1" count="1"/>
      <line num="32" type="stmt" count="1"/>
      <line num="35" type="method" name="setName" visibility="public" complexity="1" crap="1" count="1"/>
      <line num="37" type="stmt" count="1"/>
      <line num="39" type="stmt" count="1"/>
      <line num="42" type="method" name="getValue" visibility="public" complexity="1" crap="1" count="1"/>
      <line num="44" type="stmt" count="1"/>
      <line num="47" type="method" name="setValue" visibility="public" complexity="1" crap="1" count="1"/>
      <line num="49" type="stmt" count="1"/>
      <line num="51" type="stmt" count="1"/>
      <metrics loc="54" ncloc="51" classes="1" methods="5" coveredmethods="5" conditionals="0" coveredconditionals="0" statements="7" coveredstatements="7" elements="12" coveredelements="12"/>
    </file>
    <file name="/Users/mirnesmrso/dbwebb-kurser/mvc/me/report/src/Form/BookForm.php">
      <class name="App\Form\BookForm" namespace="global">
        <metrics complexity="2" methods="2" coveredmethods="2" conditionals="0" coveredconditionals="0" statements="8" coveredstatements="8" elements="10" coveredelements="10"/>
      </class>
      <line num="13" type="method" name="buildForm" visibility="public" complexity="1" crap="1" count="2"/>
      <line num="15" type="stmt" count="2"/>
      <line num="16" type="stmt" count="2"/>
      <line num="17" type="stmt" count="2"/>
      <line num="18" type="stmt" count="2"/>
      <line num="19" type="stmt" count="2"/>
      <line num="23" type="method" name="configureOptions" visibility="public" complexity="1" crap="1" count="2"/>
      <line num="25" type="stmt" count="2"/>
      <line num="26" type="stmt" count="2"/>
      <line num="27" type="stmt" count="2"/>
      <metrics loc="30" ncloc="28" classes="1" methods="2" coveredmethods="2" conditionals="0" coveredconditionals="0" statements="8" coveredstatements="8" elements="10" coveredelements="10"/>
    </file>
    <file name="/Users/mirnesmrso/dbwebb-kurser/mvc/me/report/src/Game/Card.php">
      <class name="App\Game\Card" namespace="global">
        <metrics complexity="7" methods="7" coveredmethods="5" conditionals="0" coveredconditionals="0" statements="20" coveredstatements="18" elements="27" coveredelements="23"/>
      </class>
      <line num="26" type="method" name="__construct" visibility="public" complexity="1" crap="1" count="23"/>
      <line num="28" type="stmt" count="23"/>
      <line num="29" type="stmt" count="23"/>
      <line num="37" type="method" name="getSuit" visibility="public" complexity="1" crap="1" count="7"/>
      <line num="39" type="stmt" count="7"/>
      <line num="47" type="method" name="getNumericValue" visibility="public" complexity="1" crap="1" count="9"/>
      <line num="49" type="stmt" count="9"/>
      <line num="57" type="method" name="getValue" visibility="public" complexity="1" crap="1" count="8"/>
      <line num="59" type="stmt" count="8"/>
      <line num="60" type="stmt" count="8"/>
      <line num="61" type="stmt" count="8"/>
      <line num="62" type="stmt" count="8"/>
      <line num="63" type="stmt" count="8"/>
      <line num="64" type="stmt" count="8"/>
      <line num="65" type="stmt" count="8"/>
      <line num="73" type="method" name="getSuitSymbol" visibility="public" complexity="1" crap="1" count="2"/>
      <line num="75" type="stmt" count="2"/>
      <line num="76" type="stmt" count="2"/>
      <line num="77" type="stmt" count="2"/>
      <line num="78" type="stmt" count="2"/>
      <line num="79" type="stmt" count="2"/>
      <line num="80" type="stmt" count="2"/>
      <line num="81" type="stmt" count="2"/>
      <line num="89" type="method" name="__toString" visibility="public" complexity="1" crap="2" count="0"/>
      <line num="91" type="stmt" count="0"/>
      <line num="99" type="method" name="getAsString" visibility="public" complexity="1" crap="2" count="0"/>
      <line num="101" type="stmt" count="0"/>
      <metrics loc="104" ncloc="59" classes="1" methods="7" coveredmethods="5" conditionals="0" coveredconditionals="0" statements="20" coveredstatements="18" elements="27" coveredelements="23"/>
    </file>
    <file name="/Users/mirnesmrso/dbwebb-kurser/mvc/me/report/src/Game/CardGraphic.php">
      <class name="App\Game\CardGraphic" namespace="global">
        <metrics complexity="1" methods="1" coveredmethods="1" conditionals="0" coveredconditionals="0" statements="3" coveredstatements="3" elements="4" coveredelements="4"/>
      </class>
      <line num="40" type="method" name="__toString" visibility="public" complexity="1" crap="1" count="1"/>
      <line num="42" type="stmt" count="1"/>
      <line num="43" type="stmt" count="1"/>
      <line num="45" type="stmt" count="1"/>
      <metrics loc="48" ncloc="29" classes="1" methods="1" coveredmethods="1" conditionals="0" coveredconditionals="0" statements="3" coveredstatements="3" elements="4" coveredelements="4"/>
    </file>
    <file name="/Users/mirnesmrso/dbwebb-kurser/mvc/me/report/src/Game/CardHand.php">
      <class name="App\Game\CardHand" namespace="global">
        <metrics complexity="17" methods="9" coveredmethods="8" conditionals="0" coveredconditionals="0" statements="25" coveredstatements="24" elements="34" coveredelements="32"/>
      </class>
      <line num="20" type="method" name="addCard" visibility="public" complexity="1" crap="1" count="22"/>
      <line num="22" type="stmt" count="22"/>
      <line num="30" type="method" name="addCards" visibility="public" complexity="2" crap="2" count="3"/>
      <line num="32" type="stmt" count="3"/>
      <line num="33" type="stmt" count="3"/>
      <line num="42" type="method" name="getCards" visibility="public" complexity="1" crap="1" count="5"/>
      <line num="44" type="stmt" count="5"/>
      <line num="54" type="method" name="getScore" visibility="public" complexity="6" crap="6" count="16"/>
      <line num="56" type="stmt" count="16"/>
      <line num="57" type="stmt" count="16"/>
      <line num="59" type="stmt" count="16"/>
      <line num="60" type="stmt" count="16"/>
      <line num="61" type="stmt" count="16"/>
      <line num="62" type="stmt" count="4"/>
      <line num="64" type="stmt" count="16"/>
      <line num="65" type="stmt" count="4"/>
      <line num="66" type="stmt" count="4"/>
      <line num="68" type="stmt" count="16"/>
      <line num="72" type="stmt" count="16"/>
      <line num="73" type="stmt" count="2"/>
      <line num="74" type="stmt" count="2"/>
      <line num="77" type="stmt" count="16"/>
      <line num="85" type="method" name="isBust" visibility="public" complexity="1" crap="1" count="5"/>
      <line num="87" type="stmt" count="5"/>
      <line num="95" type="method" name="canSplit" visibility="public" complexity="2" crap="2.15" count="2"/>
      <line num="97" type="stmt" count="2"/>
      <line num="98" type="stmt" count="0"/>
      <line num="100" type="stmt" count="2"/>
      <line num="116" type="method" name="setStanding" visibility="public" complexity="1" crap="1" count="2"/>
      <line num="118" type="stmt" count="2"/>
      <line num="126" type="method" name="isStanding" visibility="public" complexity="1" crap="1" count="4"/>
      <line num="128" type="stmt" count="4"/>
      <line num="136" type="method" name="isDone" visibility="public" complexity="2" crap="2" count="4"/>
      <line num="138" type="stmt" count="4"/>
      <metrics loc="141" ncloc="81" classes="1" methods="9" coveredmethods="8" conditionals="0" coveredconditionals="0" statements="25" coveredstatements="24" elements="34" coveredelements="32"/>
    </file>
    <file name="/Users/mirnesmrso/dbwebb-kurser/mvc/me/report/src/Game/DeckOfCards.php">
      <class name="App\Game\DeckOfCards" namespace="global">
        <metrics complexity="10" methods="6" coveredmethods="6" conditionals="0" coveredconditionals="0" statements="16" coveredstatements="16" elements="22" coveredelements="22"/>
      </class>
      <line num="18" type="method" name="__construct" visibility="public" complexity="3" crap="3" count="19"/>
      <line num="20" type="stmt" count="19"/>
      <line num="21" type="stmt" count="19"/>
      <line num="23" type="stmt" count="19"/>
      <line num="24" type="stmt" count="19"/>
      <line num="25" type="stmt" count="19"/>
      <line num="35" type="method" name="shuffle" visibility="public" complexity="1" crap="1" count="14"/>
      <line num="37" type="stmt" count="14"/>
      <line num="46" type="method" name="draw" visibility="public" complexity="3" crap="3" count="7"/>
      <line num="48" type="stmt" count="7"/>
      <line num="50" type="stmt" count="7"/>
      <line num="51" type="stmt" count="7"/>
      <line num="52" type="stmt" count="7"/>
      <line num="53" type="stmt" count="1"/>
      <line num="55" type="stmt" count="7"/>
      <line num="58" type="stmt" count="7"/>
      <line num="66" type="method" name="drawOne" visibility="public" complexity="1" crap="1" count="8"/>
      <line num="68" type="stmt" count="8"/>
      <line num="76" type="method" name="count" visibility="public" complexity="1" crap="1" count="4"/>
      <line num="78" type="stmt" count="4"/>
      <line num="86" type="method" name="getDeck" visibility="public" complexity="1" crap="1" count="2"/>
      <line num="88" type="stmt" count="2"/>
      <metrics loc="91" ncloc="56" classes="1" methods="6" coveredmethods="6" conditionals="0" coveredconditionals="0" statements="16" coveredstatements="16" elements="22" coveredelements="22"/>
    </file>
    <file name="/Users/mirnesmrso/dbwebb-kurser/mvc/me/report/src/Game/Game21/Game21.php">
      <class name="App\Game\Game21\Game21" namespace="global">
        <metrics complexity="21" methods="11" coveredmethods="8" conditionals="0" coveredconditionals="0" statements="42" coveredstatements="37" elements="53" coveredelements="45"/>
      </class>
      <line num="22" type="method" name="__construct" visibility="public" complexity="1" crap="1" count="8"/>
      <line num="24" type="stmt" count="8"/>
      <line num="25" type="stmt" count="8"/>
      <line num="26" type="stmt" count="8"/>
      <line num="27" type="stmt" count="8"/>
      <line num="35" type="method" name="startGame" visibility="public" complexity="1" crap="1" count="8"/>
      <line num="37" type="stmt" count="8"/>
      <line num="38" type="stmt" count="8"/>
      <line num="46" type="method" name="playerDraw" visibility="public" complexity="1" crap="1" count="2"/>
      <line num="48" type="stmt" count="2"/>
      <line num="56" type="method" name="playerDrawAndCheck" visibility="public" complexity="2" crap="2" count="2"/>
      <line num="58" type="stmt" count="2"/>
      <line num="60" type="stmt" count="2"/>
      <line num="61" type="stmt" count="1"/>
      <line num="70" type="method" name="bankTurn" visibility="public" complexity="2" crap="2" count="3"/>
      <line num="72" type="stmt" count="3"/>
      <line num="73" type="stmt" count="3"/>
      <line num="75" type="stmt" count="3"/>
      <line num="76" type="stmt" count="2"/>
      <line num="79" type="stmt" count="3"/>
      <line num="94" type="method" name="getGameState" visibility="public" complexity="4" crap="4" count="4"/>
      <line num="96" type="stmt" count="4"/>
      <line num="97" type="stmt" count="4"/>
      <line num="98" type="stmt" count="4"/>
      <line num="99" type="stmt" count="4"/>
      <line num="100" type="stmt" count="4"/>
      <line num="101" type="stmt" count="4"/>
      <line num="102" type="stmt" count="4"/>
      <line num="103" type="stmt" count="4"/>
      <line num="111" type="method" name="getPlayerScore" visibility="public" complexity="1" crap="1" count="5"/>
      <line num="113" type="stmt" count="5"/>
      <line num="121" type="method" name="getBankScore" visibility="public" complexity="1" crap="1" count="3"/>
      <line num="123" type="stmt" count="3"/>
      <line num="131" type="method" name="drawCardToPlayer" visibility="private" complexity="2" crap="2.26" count="8"/>
      <line num="133" type="stmt" count="8"/>
      <line num="135" type="stmt" count="8"/>
      <line num="136" type="stmt" count="0"/>
      <line num="137" type="stmt" count="0"/>
      <line num="140" type="stmt" count="8"/>
      <line num="148" type="method" name="drawCardToBank" visibility="private" complexity="2" crap="2.26" count="3"/>
      <line num="150" type="stmt" count="3"/>
      <line num="152" type="stmt" count="3"/>
      <line num="153" type="stmt" count="0"/>
      <line num="154" type="stmt" count="0"/>
      <line num="157" type="stmt" count="3"/>
      <line num="165" type="method" name="determineWinner" visibility="public" complexity="4" crap="4.05" count="2"/>
      <line num="167" type="stmt" count="2"/>
      <line num="168" type="stmt" count="2"/>
      <line num="170" type="stmt" count="2"/>
      <line num="171" type="stmt" count="1"/>
      <line num="174" type="stmt" count="1"/>
      <line num="175" type="stmt" count="0"/>
      <line num="178" type="stmt" count="1"/>
      <metrics loc="181" ncloc="118" classes="1" methods="11" coveredmethods="8" conditionals="0" coveredconditionals="0" statements="42" coveredstatements="37" elements="53" coveredelements="45"/>
    </file>
    <file name="/Users/mirnesmrso/dbwebb-kurser/mvc/me/report/src/Kernel.php">
      <class name="App\Kernel" namespace="global">
        <metrics complexity="0" methods="0" coveredmethods="0" conditionals="0" coveredconditionals="0" statements="0" coveredstatements="0" elements="0" coveredelements="0"/>
      </class>
      <metrics loc="12" ncloc="12" classes="0" methods="0" coveredmethods="0" conditionals="0" coveredconditionals="0" statements="0" coveredstatements="0" elements="0" coveredelements="0"/>
    </file>
    <file name="/Users/mirnesmrso/dbwebb-kurser/mvc/me/report/src/Repository/BookRepository.php">
      <class name="App\Repository\BookRepository" namespace="global">
        <metrics complexity="1" methods="1" coveredmethods="1" conditionals="0" coveredconditionals="0" statements="1" coveredstatements="1" elements="2" coveredelements="2"/>
      </class>
      <line num="14" type="method" name="__construct" visibility="public" complexity="1" crap="1" count="4"/>
      <line num="16" type="stmt" count="4"/>
      <metrics loc="44" ncloc="18" classes="1" methods="1" coveredmethods="1" conditionals="0" coveredconditionals="0" statements="1" coveredstatements="1" elements="2" coveredelements="2"/>
    </file>
    <file name="/Users/mirnesmrso/dbwebb-kurser/mvc/me/report/src/Repository/NameStringRepository.php">
      <class name="App\Repository\NameStringRepository" namespace="global">
        <metrics complexity="1" methods="1" coveredmethods="0" conditionals="0" coveredconditionals="0" statements="1" coveredstatements="0" elements="2" coveredelements="0"/>
      </class>
      <line num="14" type="method" name="__construct" visibility="public" complexity="1" crap="2" count="0"/>
      <line num="16" type="stmt" count="0"/>
      <metrics loc="44" ncloc="18" classes="1" methods="1" coveredmethods="0" conditionals="0" coveredconditionals="0" statements="1" coveredstatements="0" elements="2" coveredelements="0"/>
    </file>
    <file name="/Users/mirnesmrso/dbwebb-kurser/mvc/me/report/src/Repository/ProductRepository.php">
      <class name="App\Repository\ProductRepository" namespace="global">
        <metrics complexity="2" methods="2" coveredmethods="1" conditionals="0" coveredconditionals="0" statements="6" coveredstatements="1" elements="8" coveredelements="2"/>
      </class>
      <line num="14" type="method" name="__construct" visibility="public" complexity="1" crap="1" count="2"/>
      <line num="16" type="stmt" count="2"/>
      <line num="25" type="method" name="findByMinimumValue2" visibility="public" complexity="1" crap="2" count="0"/>
      <line num="27" type="stmt" count="0"/>
      <line num="29" type="stmt" count="0"/>
      <line num="33" type="stmt" count="0"/>
      <line num="35" type="stmt" count="0"/>
      <line num="37" type="stmt" count="0"/>
      <metrics loc="66" ncloc="34" classes="1" methods="2" coveredmethods="1" conditionals="0" coveredconditionals="0" statements="6" coveredstatements="1" elements="8" coveredelements="2"/>
    </file>
    <metrics files="25" loc="1922" ncloc="1502" classes="24" methods="114" coveredmethods="72" conditionals="0" coveredconditionals="0" statements="468" coveredstatements="283" elements="582" coveredelements="355"/>
  </project>
</coverage>
